eataewon_front/app/build/intermediates/manifest_merge_blame_file/debug/manifest-merger-blame-debug-report.txt
1<?xml version="1.0" encoding="utf-8"?>
2<manifest xmlns:android="http://schemas.android.com/apk/res/android"
3    package="com.example.eattaewon"
4    android:versionCode="1"
5    android:versionName="1.0" >
6
7    <uses-sdk
8        android:minSdkVersion="28"
8-->src/main/AndroidManifest.xml
9        android:targetSdkVersion="31" />
9-->src/main/AndroidManifest.xml
10
11    <!--
12         The ACCESS_COARSE/FINE_LOCATION permissions are not required to use
13         Google Maps Android API v2, but you must specify either coarse or fine
14         location permissions for the "MyLocation" functionality.
15    -->
16    <!-- queries에 카카오톡 패키지 추가 -->
17    <queries>
17-->src/main/AndroidManifest.xml:12:5-14:15
18        <package android:name="com.kakao.talk" />
18-->src/main/AndroidManifest.xml:13:9-49
18-->src/main/AndroidManifest.xml:13:18-47
19        <!-- Needs to be explicitly declared on Android R+ -->
20        <package android:name="com.google.android.apps.maps" />
20-->[com.google.android.gms:play-services-maps:18.0.2] AndroidManifest.xml:33:9-64
20-->[com.google.android.gms:play-services-maps:18.0.2] AndroidManifest.xml:33:18-61
21    </queries>
22
23    <!-- 인터넷 사용 권한 설정 -->
24    <uses-permission android:name="android.permission.INTERNET" />
24-->src/main/AndroidManifest.xml:17:5-66
24-->src/main/AndroidManifest.xml:17:22-64
25
26    <!-- 도시 블록 내에서의 정확한 위치(네트워크 위치) -->
27    <uses-permission android:name="android.permission.ACCESS_FINE_LOCATION" /> <!-- 정확한 위치 확보(네트워크 위치 + GPS 위치) -->
27-->src/main/AndroidManifest.xml:20:5-78
27-->src/main/AndroidManifest.xml:20:22-76
28    <uses-permission android:name="android.permission.ACCESS_COARSE_LOCATION" /> <!-- 추가 -->
28-->src/main/AndroidManifest.xml:21:5-80
28-->src/main/AndroidManifest.xml:21:22-78
29    <uses-permission android:name="android.permission.ACCESS_NETWORK_STATE" />
29-->src/main/AndroidManifest.xml:22:5-78
29-->src/main/AndroidManifest.xml:22:22-76
30
31    <!-- 저장소 권한 -->
32    <uses-permission android:name="android.permission.WRITE_EXTERNAL_STORAGE" />
32-->src/main/AndroidManifest.xml:25:5-80
32-->src/main/AndroidManifest.xml:25:22-78
33    <uses-permission android:name="android.permission.READ_EXTERNAL_STORAGE" />
33-->src/main/AndroidManifest.xml:26:5-79
33-->src/main/AndroidManifest.xml:26:22-77
34
35    <uses-feature
35-->[com.naver.maps:map-sdk:3.14.0] AndroidManifest.xml:9:5-11:35
36        android:glEsVersion="0x00020000"
36-->[com.naver.maps:map-sdk:3.14.0] AndroidManifest.xml:10:9-41
37        android:required="true" />
37-->[com.naver.maps:map-sdk:3.14.0] AndroidManifest.xml:11:9-32
38    <uses-feature
38-->[com.naver.maps:map-sdk:3.14.0] AndroidManifest.xml:12:5-14:36
39        android:name="android.hardware.wifi"
39-->[com.naver.maps:map-sdk:3.14.0] AndroidManifest.xml:13:9-45
40        android:required="false" />
40-->[com.naver.maps:map-sdk:3.14.0] AndroidManifest.xml:14:9-33
41
42    <uses-permission android:name="android.permission.ACCESS_WIFI_STATE" />
42-->[com.naver.maps:map-sdk:3.14.0] AndroidManifest.xml:18:5-76
42-->[com.naver.maps:map-sdk:3.14.0] AndroidManifest.xml:18:22-73
43    <uses-permission android:name="android.permission.WAKE_LOCK" />
43-->[com.google.android.gms:play-services-measurement-api:20.1.0] AndroidManifest.xml:24:5-68
43-->[com.google.android.gms:play-services-measurement-api:20.1.0] AndroidManifest.xml:24:22-65
44    <uses-permission android:name="com.google.android.finsky.permission.BIND_GET_INSTALL_REFERRER_SERVICE" /> <!-- Include required permissions for Advertising Id -->
44-->[com.google.android.gms:play-services-measurement:20.1.0] AndroidManifest.xml:26:5-110
44-->[com.google.android.gms:play-services-measurement:20.1.0] AndroidManifest.xml:26:22-107
45    <uses-permission android:name="com.google.android.gms.permission.AD_ID" />
45-->[com.google.android.gms:play-services-ads-identifier:18.0.0] AndroidManifest.xml:23:5-79
45-->[com.google.android.gms:play-services-ads-identifier:18.0.0] AndroidManifest.xml:23:22-76
46
47    <application
47-->src/main/AndroidManifest.xml:28:5-112:19
48        android:name="com.example.eataewon.GlobalApplication"
48-->src/main/AndroidManifest.xml:29:13-66
49        android:allowBackup="true"
49-->src/main/AndroidManifest.xml:30:13-39
50        android:appComponentFactory="androidx.core.app.CoreComponentFactory"
50-->[androidx.core:core:1.7.0] AndroidManifest.xml:24:18-86
51        android:debuggable="true"
52        android:extractNativeLibs="false"
53        android:icon="@mipmap/ic_launcher"
53-->src/main/AndroidManifest.xml:31:13-47
54        android:label="@string/app_name"
54-->src/main/AndroidManifest.xml:32:13-45
55        android:roundIcon="@mipmap/ic_launcher_round"
55-->src/main/AndroidManifest.xml:33:13-58
56        android:supportsRtl="true"
56-->src/main/AndroidManifest.xml:34:13-39
57        android:testOnly="true"
58        android:theme="@style/Theme.MaterialComponents.DayNight.NoActionBar"
58-->src/main/AndroidManifest.xml:35:13-81
59        android:usesCleartextTraffic="true" >
59-->src/main/AndroidManifest.xml:36:13-48
60
61        <!-- 최아름 카카오 sns, 네이버 map, 카카오 map -->
62        <meta-data
62-->src/main/AndroidManifest.xml:40:9-42:58
63            android:name="com.google.android.geo.API_KEY"
63-->src/main/AndroidManifest.xml:41:17-62
64            android:value="@string/google_maps_key" />
64-->src/main/AndroidManifest.xml:42:17-56
65        <meta-data
65-->src/main/AndroidManifest.xml:43:9-45:45
66            android:name="com.naver.maps.map.CLIENT_ID"
66-->src/main/AndroidManifest.xml:44:17-60
67            android:value="1o2hhvg6b8" />
67-->src/main/AndroidManifest.xml:45:17-43
68        <meta-data
68-->src/main/AndroidManifest.xml:47:9-48:70
69            android:name="com.kakao.sdk.AppKey"
69-->src/main/AndroidManifest.xml:47:20-55
70            android:value="803510af840ec6fd9c1aefe41148b4e5" />
70-->src/main/AndroidManifest.xml:48:20-68
71
72        <activity
72-->src/main/AndroidManifest.xml:53:9-56:48
73            android:name="com.example.eataewon.SecondActivity"
73-->src/main/AndroidManifest.xml:54:17-67
74            android:exported="true" />
74-->src/main/AndroidManifest.xml:55:17-40
75        <activity
75-->src/main/AndroidManifest.xml:57:9-64:20
76            android:name="com.example.eataewon.HomeActivity"
76-->src/main/AndroidManifest.xml:58:17-65
77            android:exported="true" >
77-->src/main/AndroidManifest.xml:59:17-40
78            <intent-filter>
78-->src/main/AndroidManifest.xml:60:13-63:29
79                <action android:name="android.intent.action.MAIN" />
79-->src/main/AndroidManifest.xml:61:17-68
79-->src/main/AndroidManifest.xml:61:25-66
80
81                <category android:name="android.intent.category.LAUNCHER" />
81-->src/main/AndroidManifest.xml:62:17-76
81-->src/main/AndroidManifest.xml:62:27-74
82            </intent-filter>
83        </activity>
84        <activity
84-->src/main/AndroidManifest.xml:66:9-67:44
85            android:name="com.example.eataewon.KakaoActivity"
85-->src/main/AndroidManifest.xml:66:19-68
86            android:exported="true" />
86-->src/main/AndroidManifest.xml:67:19-42
87        <activity
87-->src/main/AndroidManifest.xml:69:9-80:20
88            android:name="com.kakao.sdk.auth.AuthCodeHandlerActivity"
88-->src/main/AndroidManifest.xml:69:19-76
89            android:exported="true"
89-->src/main/AndroidManifest.xml:70:19-42
90            android:launchMode="singleTask"
90-->[com.kakao.sdk:v2-auth:2.0.0] AndroidManifest.xml:19:13-44
91            android:theme="@style/TransparentCompat" >
91-->[com.kakao.sdk:v2-auth:2.0.0] AndroidManifest.xml:20:13-53
92            <intent-filter>
92-->src/main/AndroidManifest.xml:71:13-79:29
93                <action android:name="android.intent.action.VIEW" />
93-->src/main/AndroidManifest.xml:72:17-68
93-->src/main/AndroidManifest.xml:72:25-66
94
95                <category android:name="android.intent.category.DEFAULT" />
95-->src/main/AndroidManifest.xml:73:17-75
95-->src/main/AndroidManifest.xml:73:27-73
96                <category android:name="android.intent.category.BROWSABLE" />
96-->src/main/AndroidManifest.xml:74:17-77
96-->src/main/AndroidManifest.xml:74:27-75
97
98                <data
98-->src/main/AndroidManifest.xml:76:17-78:81
99                    android:host="oauth"
99-->src/main/AndroidManifest.xml:77:25-45
100                    android:scheme="kakaoa05f68a3850359a6d8c92e79cdc0d8cb" />
100-->src/main/AndroidManifest.xml:78:25-79
101            </intent-filter>
102        </activity>
103        <activity
103-->src/main/AndroidManifest.xml:82:9-84:42
104            android:name="com.example.eataewon.SignActivity"
104-->src/main/AndroidManifest.xml:83:17-65
105            android:exported="true" />
105-->src/main/AndroidManifest.xml:84:17-40
106        <activity
106-->src/main/AndroidManifest.xml:57:9-64:20
107            android:name="com.example.eataewon.HomeActivity"
107-->src/main/AndroidManifest.xml:58:17-65
108            android:exported="true" >
108-->src/main/AndroidManifest.xml:59:17-40
109            <intent-filter>
109-->src/main/AndroidManifest.xml:60:13-63:29
110                <action android:name="android.intent.action.MAIN" />
110-->src/main/AndroidManifest.xml:61:17-68
110-->src/main/AndroidManifest.xml:61:25-66
111
112                <category android:name="android.intent.category.LAUNCHER" />
112-->src/main/AndroidManifest.xml:62:17-76
112-->src/main/AndroidManifest.xml:62:27-74
113            </intent-filter>
114        </activity>
115        <activity
115-->src/main/AndroidManifest.xml:97:9-110:20
116            android:name="com.example.eataewon.BbsDetailActivity"
116-->src/main/AndroidManifest.xml:98:17-70
117            android:exported="true" >
117-->src/main/AndroidManifest.xml:99:17-40
118            <intent-filter>
118-->src/main/AndroidManifest.xml:100:13-109:29
119                <action android:name="android.intent.action.VIEW" />
119-->src/main/AndroidManifest.xml:72:17-68
119-->src/main/AndroidManifest.xml:72:25-66
120
121                <category android:name="android.intent.category.DEFAULT" />
121-->src/main/AndroidManifest.xml:73:17-75
121-->src/main/AndroidManifest.xml:73:27-73
122                <category android:name="android.intent.category.BROWSABLE" />
122-->src/main/AndroidManifest.xml:74:17-77
122-->src/main/AndroidManifest.xml:74:27-75
123
124                <data
124-->src/main/AndroidManifest.xml:76:17-78:81
125                    android:host="kakaolink"
125-->src/main/AndroidManifest.xml:77:25-45
126                    android:scheme="803510af840ec6fd9c1aefe41148b4e5" />
126-->src/main/AndroidManifest.xml:78:25-79
127            </intent-filter>
128        </activity>
129        <activity
129-->[com.kakao.sdk:v2-auth:2.0.0] AndroidManifest.xml:12:9-16:56
130            android:name="com.kakao.sdk.auth.TalkAuthCodeActivity"
130-->[com.kakao.sdk:v2-auth:2.0.0] AndroidManifest.xml:13:13-67
131            android:exported="false"
131-->[com.kakao.sdk:v2-auth:2.0.0] AndroidManifest.xml:14:13-37
132            android:launchMode="singleTask"
132-->[com.kakao.sdk:v2-auth:2.0.0] AndroidManifest.xml:15:13-44
133            android:theme="@style/TransparentCompat" />
133-->[com.kakao.sdk:v2-auth:2.0.0] AndroidManifest.xml:16:13-53
134
135        <meta-data
135-->[com.firebaseui:firebase-ui-auth:7.2.0] AndroidManifest.xml:16:9-18:69
136            android:name="com.google.android.gms.version"
136-->[com.firebaseui:firebase-ui-auth:7.2.0] AndroidManifest.xml:17:13-58
137            android:value="@integer/google_play_services_version" />
137-->[com.firebaseui:firebase-ui-auth:7.2.0] AndroidManifest.xml:18:13-66
138        <meta-data
138-->[com.firebaseui:firebase-ui-auth:7.2.0] AndroidManifest.xml:19:9-21:63
139            android:name="com.facebook.sdk.ApplicationId"
139-->[com.firebaseui:firebase-ui-auth:7.2.0] AndroidManifest.xml:20:13-58
140            android:value="@string/facebook_application_id" />
140-->[com.firebaseui:firebase-ui-auth:7.2.0] AndroidManifest.xml:21:13-60
141
142        <activity
142-->[com.firebaseui:firebase-ui-auth:7.2.0] AndroidManifest.xml:23:9-27:61
143            android:name="com.firebase.ui.auth.KickoffActivity"
143-->[com.firebaseui:firebase-ui-auth:7.2.0] AndroidManifest.xml:24:13-64
144            android:exported="false"
144-->[com.firebaseui:firebase-ui-auth:7.2.0] AndroidManifest.xml:25:13-37
145            android:label=""
145-->[com.firebaseui:firebase-ui-auth:7.2.0] AndroidManifest.xml:26:13-29
146            android:theme="@style/FirebaseUI.Transparent" />
146-->[com.firebaseui:firebase-ui-auth:7.2.0] AndroidManifest.xml:27:13-58
147        <activity
147-->[com.firebaseui:firebase-ui-auth:7.2.0] AndroidManifest.xml:28:9-32:61
148            android:name="com.firebase.ui.auth.ui.idp.SingleSignInActivity"
148-->[com.firebaseui:firebase-ui-auth:7.2.0] AndroidManifest.xml:29:13-76
149            android:exported="false"
149-->[com.firebaseui:firebase-ui-auth:7.2.0] AndroidManifest.xml:30:13-37
150            android:label=""
150-->[com.firebaseui:firebase-ui-auth:7.2.0] AndroidManifest.xml:31:13-29
151            android:theme="@style/FirebaseUI.Transparent" />
151-->[com.firebaseui:firebase-ui-auth:7.2.0] AndroidManifest.xml:32:13-58
152        <activity
152-->[com.firebaseui:firebase-ui-auth:7.2.0] AndroidManifest.xml:33:9-37:61
153            android:name="com.firebase.ui.auth.ui.credentials.CredentialSaveActivity"
153-->[com.firebaseui:firebase-ui-auth:7.2.0] AndroidManifest.xml:34:13-86
154            android:exported="false"
154-->[com.firebaseui:firebase-ui-auth:7.2.0] AndroidManifest.xml:35:13-37
155            android:label=""
155-->[com.firebaseui:firebase-ui-auth:7.2.0] AndroidManifest.xml:36:13-29
156            android:theme="@style/FirebaseUI.Transparent" />
156-->[com.firebaseui:firebase-ui-auth:7.2.0] AndroidManifest.xml:37:13-58
157        <activity
157-->[com.firebaseui:firebase-ui-auth:7.2.0] AndroidManifest.xml:38:9-42:58
158            android:name="com.firebase.ui.auth.ui.email.RecoverPasswordActivity"
158-->[com.firebaseui:firebase-ui-auth:7.2.0] AndroidManifest.xml:39:13-81
159            android:exported="false"
159-->[com.firebaseui:firebase-ui-auth:7.2.0] AndroidManifest.xml:40:13-37
160            android:label="@string/fui_title_recover_password_activity"
160-->[com.firebaseui:firebase-ui-auth:7.2.0] AndroidManifest.xml:41:13-72
161            android:windowSoftInputMode="adjustResize" />
161-->[com.firebaseui:firebase-ui-auth:7.2.0] AndroidManifest.xml:42:13-55
162        <activity
162-->[com.firebaseui:firebase-ui-auth:7.2.0] AndroidManifest.xml:43:9-47:58
163            android:name="com.firebase.ui.auth.ui.email.EmailActivity"
163-->[com.firebaseui:firebase-ui-auth:7.2.0] AndroidManifest.xml:44:13-71
164            android:exported="false"
164-->[com.firebaseui:firebase-ui-auth:7.2.0] AndroidManifest.xml:45:13-37
165            android:label="@string/fui_sign_in_default"
165-->[com.firebaseui:firebase-ui-auth:7.2.0] AndroidManifest.xml:46:13-56
166            android:windowSoftInputMode="adjustResize" />
166-->[com.firebaseui:firebase-ui-auth:7.2.0] AndroidManifest.xml:47:13-55
167        <activity
167-->[com.firebaseui:firebase-ui-auth:7.2.0] AndroidManifest.xml:48:9-52:77
168            android:name="com.firebase.ui.auth.ui.phone.PhoneActivity"
168-->[com.firebaseui:firebase-ui-auth:7.2.0] AndroidManifest.xml:49:13-71
169            android:exported="false"
169-->[com.firebaseui:firebase-ui-auth:7.2.0] AndroidManifest.xml:50:13-37
170            android:label="@string/fui_sign_in_with_phone_number"
170-->[com.firebaseui:firebase-ui-auth:7.2.0] AndroidManifest.xml:51:13-66
171            android:windowSoftInputMode="adjustResize|stateAlwaysVisible" />
171-->[com.firebaseui:firebase-ui-auth:7.2.0] AndroidManifest.xml:52:13-74
172        <activity
172-->[com.firebaseui:firebase-ui-auth:7.2.0] AndroidManifest.xml:53:9-57:58
173            android:name="com.firebase.ui.auth.ui.idp.WelcomeBackIdpPrompt"
173-->[com.firebaseui:firebase-ui-auth:7.2.0] AndroidManifest.xml:54:13-76
174            android:exported="false"
174-->[com.firebaseui:firebase-ui-auth:7.2.0] AndroidManifest.xml:55:13-37
175            android:label="@string/fui_title_welcome_back_idp_prompt"
175-->[com.firebaseui:firebase-ui-auth:7.2.0] AndroidManifest.xml:56:13-70
176            android:windowSoftInputMode="adjustResize" />
176-->[com.firebaseui:firebase-ui-auth:7.2.0] AndroidManifest.xml:57:13-55
177        <activity
177-->[com.firebaseui:firebase-ui-auth:7.2.0] AndroidManifest.xml:58:9-62:58
178            android:name="com.firebase.ui.auth.ui.email.WelcomeBackPasswordPrompt"
178-->[com.firebaseui:firebase-ui-auth:7.2.0] AndroidManifest.xml:59:13-83
179            android:exported="false"
179-->[com.firebaseui:firebase-ui-auth:7.2.0] AndroidManifest.xml:60:13-37
180            android:label="@string/fui_title_welcome_back_password_prompt"
180-->[com.firebaseui:firebase-ui-auth:7.2.0] AndroidManifest.xml:61:13-75
181            android:windowSoftInputMode="adjustResize" />
181-->[com.firebaseui:firebase-ui-auth:7.2.0] AndroidManifest.xml:62:13-55
182        <activity
182-->[com.firebaseui:firebase-ui-auth:7.2.0] AndroidManifest.xml:63:9-67:58
183            android:name="com.firebase.ui.auth.ui.email.WelcomeBackEmailLinkPrompt"
183-->[com.firebaseui:firebase-ui-auth:7.2.0] AndroidManifest.xml:64:13-84
184            android:exported="false"
184-->[com.firebaseui:firebase-ui-auth:7.2.0] AndroidManifest.xml:65:13-37
185            android:label="@string/fui_title_welcome_back_password_prompt"
185-->[com.firebaseui:firebase-ui-auth:7.2.0] AndroidManifest.xml:66:13-75
186            android:windowSoftInputMode="adjustResize" />
186-->[com.firebaseui:firebase-ui-auth:7.2.0] AndroidManifest.xml:67:13-55
187        <activity
187-->[com.firebaseui:firebase-ui-auth:7.2.0] AndroidManifest.xml:68:9-73:58
188            android:name="com.firebase.ui.auth.ui.email.EmailLinkCatcherActivity"
188-->[com.firebaseui:firebase-ui-auth:7.2.0] AndroidManifest.xml:69:13-82
189            android:exported="false"
189-->[com.firebaseui:firebase-ui-auth:7.2.0] AndroidManifest.xml:70:13-37
190            android:label=""
190-->[com.firebaseui:firebase-ui-auth:7.2.0] AndroidManifest.xml:71:13-29
191            android:theme="@style/FirebaseUI.Transparent"
191-->[com.firebaseui:firebase-ui-auth:7.2.0] AndroidManifest.xml:72:13-58
192            android:windowSoftInputMode="adjustResize" />
192-->[com.firebaseui:firebase-ui-auth:7.2.0] AndroidManifest.xml:73:13-55
193        <activity
193-->[com.firebaseui:firebase-ui-auth:7.2.0] AndroidManifest.xml:74:9-78:58
194            android:name="com.firebase.ui.auth.ui.email.EmailLinkErrorRecoveryActivity"
194-->[com.firebaseui:firebase-ui-auth:7.2.0] AndroidManifest.xml:75:13-88
195            android:exported="false"
195-->[com.firebaseui:firebase-ui-auth:7.2.0] AndroidManifest.xml:76:13-37
196            android:label="@string/fui_sign_in_default"
196-->[com.firebaseui:firebase-ui-auth:7.2.0] AndroidManifest.xml:77:13-56
197            android:windowSoftInputMode="adjustResize" />
197-->[com.firebaseui:firebase-ui-auth:7.2.0] AndroidManifest.xml:78:13-55
198        <activity
198-->[com.firebaseui:firebase-ui-auth:7.2.0] AndroidManifest.xml:79:9-82:65
199            android:name="com.firebase.ui.auth.ui.idp.AuthMethodPickerActivity"
199-->[com.firebaseui:firebase-ui-auth:7.2.0] AndroidManifest.xml:80:13-80
200            android:exported="false"
200-->[com.firebaseui:firebase-ui-auth:7.2.0] AndroidManifest.xml:81:13-37
201            android:label="@string/fui_default_toolbar_title" />
201-->[com.firebaseui:firebase-ui-auth:7.2.0] AndroidManifest.xml:82:13-62
202        <activity
202-->[com.firebaseui:firebase-ui-auth:7.2.0] AndroidManifest.xml:83:9-87:48
203            android:name="com.facebook.FacebookActivity"
203-->[com.firebaseui:firebase-ui-auth:7.2.0] AndroidManifest.xml:84:13-57
204            android:configChanges="keyboard|keyboardHidden|screenLayout|screenSize|orientation"
204-->[com.firebaseui:firebase-ui-auth:7.2.0] AndroidManifest.xml:85:13-96
205            android:label="@string/app_name" />
205-->[com.firebaseui:firebase-ui-auth:7.2.0] AndroidManifest.xml:86:13-45
206        <activity
206-->[com.firebaseui:firebase-ui-auth:7.2.0] AndroidManifest.xml:88:9-100:20
207            android:name="com.facebook.CustomTabActivity"
207-->[com.firebaseui:firebase-ui-auth:7.2.0] AndroidManifest.xml:89:13-58
208            android:exported="true" >
208-->[com.firebaseui:firebase-ui-auth:7.2.0] AndroidManifest.xml:90:13-36
209            <intent-filter>
209-->[com.firebaseui:firebase-ui-auth:7.2.0] AndroidManifest.xml:92:13-99:29
210                <action android:name="android.intent.action.VIEW" />
210-->src/main/AndroidManifest.xml:72:17-68
210-->src/main/AndroidManifest.xml:72:25-66
211
212                <category android:name="android.intent.category.DEFAULT" />
212-->src/main/AndroidManifest.xml:73:17-75
212-->src/main/AndroidManifest.xml:73:27-73
213                <category android:name="android.intent.category.BROWSABLE" />
213-->src/main/AndroidManifest.xml:74:17-77
213-->src/main/AndroidManifest.xml:74:27-75
214
215                <data android:scheme="@string/facebook_login_protocol_scheme" />
215-->src/main/AndroidManifest.xml:76:17-78:81
215-->src/main/AndroidManifest.xml:78:25-79
216            </intent-filter>
217        </activity>
218
219        <provider
219-->[com.firebaseui:firebase-ui-auth:7.2.0] AndroidManifest.xml:102:9-106:38
220            android:name="com.firebase.ui.auth.data.client.AuthUiInitProvider"
220-->[com.firebaseui:firebase-ui-auth:7.2.0] AndroidManifest.xml:103:13-79
221            android:authorities="com.example.eattaewon.authuiinitprovider"
221-->[com.firebaseui:firebase-ui-auth:7.2.0] AndroidManifest.xml:104:13-70
222            android:exported="false"
222-->[com.firebaseui:firebase-ui-auth:7.2.0] AndroidManifest.xml:105:13-37
223            android:initOrder="90" />
223-->[com.firebaseui:firebase-ui-auth:7.2.0] AndroidManifest.xml:106:13-35
224
225        <activity
225-->[com.google.firebase:firebase-auth:21.0.2] AndroidManifest.xml:27:9-44:20
226            android:name="com.google.firebase.auth.internal.GenericIdpActivity"
226-->[com.google.firebase:firebase-auth:21.0.2] AndroidManifest.xml:28:13-80
227            android:excludeFromRecents="true"
227-->[com.google.firebase:firebase-auth:21.0.2] AndroidManifest.xml:29:13-46
228            android:exported="true"
228-->[com.google.firebase:firebase-auth:21.0.2] AndroidManifest.xml:30:13-36
229            android:launchMode="singleTask"
229-->[com.google.firebase:firebase-auth:21.0.2] AndroidManifest.xml:31:13-44
230            android:theme="@android:style/Theme.Translucent.NoTitleBar" >
230-->[com.google.firebase:firebase-auth:21.0.2] AndroidManifest.xml:32:13-72
231            <intent-filter>
231-->[com.google.firebase:firebase-auth:21.0.2] AndroidManifest.xml:33:13-43:29
232                <action android:name="android.intent.action.VIEW" />
232-->src/main/AndroidManifest.xml:72:17-68
232-->src/main/AndroidManifest.xml:72:25-66
233
234                <category android:name="android.intent.category.DEFAULT" />
234-->src/main/AndroidManifest.xml:73:17-75
234-->src/main/AndroidManifest.xml:73:27-73
235                <category android:name="android.intent.category.BROWSABLE" />
235-->src/main/AndroidManifest.xml:74:17-77
235-->src/main/AndroidManifest.xml:74:27-75
236
237                <data
237-->src/main/AndroidManifest.xml:76:17-78:81
238                    android:host="firebase.auth"
238-->src/main/AndroidManifest.xml:77:25-45
239                    android:path="/"
240                    android:scheme="genericidp" />
240-->src/main/AndroidManifest.xml:78:25-79
241            </intent-filter>
242        </activity>
243        <activity
243-->[com.google.firebase:firebase-auth:21.0.2] AndroidManifest.xml:45:9-62:20
244            android:name="com.google.firebase.auth.internal.RecaptchaActivity"
244-->[com.google.firebase:firebase-auth:21.0.2] AndroidManifest.xml:46:13-79
245            android:excludeFromRecents="true"
245-->[com.google.firebase:firebase-auth:21.0.2] AndroidManifest.xml:47:13-46
246            android:exported="true"
246-->[com.google.firebase:firebase-auth:21.0.2] AndroidManifest.xml:48:13-36
247            android:launchMode="singleTask"
247-->[com.google.firebase:firebase-auth:21.0.2] AndroidManifest.xml:49:13-44
248            android:theme="@android:style/Theme.Translucent.NoTitleBar" >
248-->[com.google.firebase:firebase-auth:21.0.2] AndroidManifest.xml:50:13-72
249            <intent-filter>
249-->[com.google.firebase:firebase-auth:21.0.2] AndroidManifest.xml:51:13-61:29
250                <action android:name="android.intent.action.VIEW" />
250-->src/main/AndroidManifest.xml:72:17-68
250-->src/main/AndroidManifest.xml:72:25-66
251
252                <category android:name="android.intent.category.DEFAULT" />
252-->src/main/AndroidManifest.xml:73:17-75
252-->src/main/AndroidManifest.xml:73:27-73
253                <category android:name="android.intent.category.BROWSABLE" />
253-->src/main/AndroidManifest.xml:74:17-77
253-->src/main/AndroidManifest.xml:74:27-75
254
255                <data
255-->src/main/AndroidManifest.xml:76:17-78:81
256                    android:host="firebase.auth"
256-->src/main/AndroidManifest.xml:77:25-45
257                    android:path="/"
258                    android:scheme="recaptcha" />
258-->src/main/AndroidManifest.xml:78:25-79
259            </intent-filter>
260        </activity>
261
262        <service
262-->[com.google.firebase:firebase-auth:21.0.2] AndroidManifest.xml:64:9-70:19
263            android:name="com.google.firebase.components.ComponentDiscoveryService"
263-->[com.google.firebase:firebase-auth:21.0.2] AndroidManifest.xml:65:13-84
264            android:directBootAware="true"
264-->[com.google.firebase:firebase-common:20.1.0] AndroidManifest.xml:35:13-43
265            android:exported="false" >
265-->[com.google.firebase:firebase-auth:21.0.2] AndroidManifest.xml:66:13-37
266            <meta-data
266-->[com.google.firebase:firebase-auth:21.0.2] AndroidManifest.xml:67:13-69:85
267                android:name="com.google.firebase.components:com.google.firebase.auth.FirebaseAuthRegistrar"
267-->[com.google.firebase:firebase-auth:21.0.2] AndroidManifest.xml:68:17-109
268                android:value="com.google.firebase.components.ComponentRegistrar" />
268-->[com.google.firebase:firebase-auth:21.0.2] AndroidManifest.xml:69:17-82
269            <meta-data
269-->[com.google.firebase:firebase-analytics-ktx:20.1.0] AndroidManifest.xml:11:13-13:85
270                android:name="com.google.firebase.components:com.google.firebase.analytics.ktx.FirebaseAnalyticsKtxRegistrar"
270-->[com.google.firebase:firebase-analytics-ktx:20.1.0] AndroidManifest.xml:12:17-126
271                android:value="com.google.firebase.components.ComponentRegistrar" />
271-->[com.google.firebase:firebase-analytics-ktx:20.1.0] AndroidManifest.xml:13:17-82
272            <meta-data
272-->[com.google.firebase:firebase-database-ktx:20.0.4] AndroidManifest.xml:15:13-17:85
273                android:name="com.google.firebase.components:com.google.firebase.database.ktx.FirebaseDatabaseKtxRegistrar"
273-->[com.google.firebase:firebase-database-ktx:20.0.4] AndroidManifest.xml:16:17-124
274                android:value="com.google.firebase.components.ComponentRegistrar" />
274-->[com.google.firebase:firebase-database-ktx:20.0.4] AndroidManifest.xml:17:17-82
275            <meta-data
275-->[com.google.firebase:firebase-common-ktx:20.1.0] AndroidManifest.xml:15:13-17:85
276                android:name="com.google.firebase.components:com.google.firebase.ktx.FirebaseCommonKtxRegistrar"
276-->[com.google.firebase:firebase-common-ktx:20.1.0] AndroidManifest.xml:16:17-113
277                android:value="com.google.firebase.components.ComponentRegistrar" />
277-->[com.google.firebase:firebase-common-ktx:20.1.0] AndroidManifest.xml:17:17-82
278            <meta-data
278-->[com.google.firebase:firebase-database:20.0.4] AndroidManifest.xml:32:13-34:85
279                android:name="com.google.firebase.components:com.google.firebase.database.DatabaseRegistrar"
279-->[com.google.firebase:firebase-database:20.0.4] AndroidManifest.xml:33:17-109
280                android:value="com.google.firebase.components.ComponentRegistrar" />
280-->[com.google.firebase:firebase-database:20.0.4] AndroidManifest.xml:34:17-82
281            <meta-data
281-->[com.google.android.gms:play-services-measurement-api:20.1.0] AndroidManifest.xml:30:13-32:85
282                android:name="com.google.firebase.components:com.google.firebase.analytics.connector.internal.AnalyticsConnectorRegistrar"
282-->[com.google.android.gms:play-services-measurement-api:20.1.0] AndroidManifest.xml:31:17-139
283                android:value="com.google.firebase.components.ComponentRegistrar" />
283-->[com.google.android.gms:play-services-measurement-api:20.1.0] AndroidManifest.xml:32:17-82
284            <meta-data
284-->[com.google.firebase:firebase-installations:17.0.1] AndroidManifest.xml:18:13-20:85
285                android:name="com.google.firebase.components:com.google.firebase.installations.FirebaseInstallationsRegistrar"
285-->[com.google.firebase:firebase-installations:17.0.1] AndroidManifest.xml:19:17-127
286                android:value="com.google.firebase.components.ComponentRegistrar" />
286-->[com.google.firebase:firebase-installations:17.0.1] AndroidManifest.xml:20:17-82
287        </service>
288
289        <activity
289-->[com.google.android.gms:play-services-auth:19.0.0] AndroidManifest.xml:23:9-27:75
290            android:name="com.google.android.gms.auth.api.signin.internal.SignInHubActivity"
290-->[com.google.android.gms:play-services-auth:19.0.0] AndroidManifest.xml:24:13-93